<?xml version="1.0" encoding="UTF-8"?>
<!-- Generated by org.testng.reporters.JUnitReportReporter -->
<testsuite hostname="LAPTOP-N6VSKHEQ" failures="0" tests="7" name="restMock.Tests" time="1.339" errors="0" timestamp="2021-09-13T06:57:31 IST" skipped="0">
  <testcase classname="restMock.Tests" name="Test_RespBody" time="1.140"/>
  <system-out/>
  <testcase classname="restMock.Tests" name="Test_RespStatus" time="0.034"/>
  <system-out/>
  <testcase classname="restMock.Tests" name="TestHeaders" time="0.030"/>
  <system-out/>
  <testcase classname="restMock.Tests" name="TestNodes" time="0.044"/>
  <system-out/>
  <testcase classname="restMock.Tests" name="TestPropertyName" time="0.033"/>
  <system-out/>
  <testcase classname="restMock.Tests" name="TestPropertyURL" time="0.030"/>
  <system-out/>
  <testcase classname="restMock.Tests" name="TestPropertyDescription" time="0.028"/>
  <system-out/>
</testsuite> <!-- restMock.Tests -->
